{"contracts/interfaces/IERC1155.sol":{"l":{},"path":"/home/ouziel/Work/StashBloxContracts/contracts/interfaces/IERC1155.sol","s":{},"b":{},"f":{},"fnMap":{},"statementMap":{},"branchMap":{}},"contracts/interfaces/IERC1155Metadata.sol":{"l":{},"path":"/home/ouziel/Work/StashBloxContracts/contracts/interfaces/IERC1155Metadata.sol","s":{},"b":{},"f":{},"fnMap":{},"statementMap":{},"branchMap":{}},"contracts/interfaces/IERC1155Receiver.sol":{"l":{},"path":"/home/ouziel/Work/StashBloxContracts/contracts/interfaces/IERC1155Receiver.sol","s":{},"b":{},"f":{},"fnMap":{},"statementMap":{},"branchMap":{}},"contracts/interfaces/IERC165.sol":{"l":{},"path":"/home/ouziel/Work/StashBloxContracts/contracts/interfaces/IERC165.sol","s":{},"b":{},"f":{},"fnMap":{},"statementMap":{},"branchMap":{}},"contracts/interfaces/IERC173.sol":{"l":{},"path":"/home/ouziel/Work/StashBloxContracts/contracts/interfaces/IERC173.sol","s":{},"b":{},"f":{},"fnMap":{},"statementMap":{},"branchMap":{}},"contracts/interfaces/IRelayRecipient.sol":{"l":{},"path":"/home/ouziel/Work/StashBloxContracts/contracts/interfaces/IRelayRecipient.sol","s":{},"b":{},"f":{},"fnMap":{},"statementMap":{},"branchMap":{}},"contracts/lib/Callable.sol":{"l":{"33":10,"37":8,"50":8,"52":8,"60":1,"62":1,"69":1,"70":1,"72":1,"80":3,"82":3,"87":1,"89":1,"97":3,"99":3,"107":3,"109":3,"110":0,"112":1,"114":2,"115":2,"125":2,"127":2,"131":2,"133":2,"134":1,"145":8,"147":8,"153":3,"155":3,"159":3,"160":3,"162":3,"163":3,"165":3,"166":19,"167":17,"168":17,"170":16,"172":16,"174":16,"176":16,"177":16,"179":16,"182":3,"184":3,"186":3,"187":3,"188":2,"189":2,"194":13,"196":13,"199":0,"200":0,"201":0,"203":0,"207":3},"path":"/home/ouziel/Work/StashBloxContracts/contracts/lib/Callable.sol","s":{"1":10,"2":8,"3":8,"4":8,"5":1,"6":1,"7":1,"8":1,"9":1,"10":3,"11":3,"12":1,"13":1,"14":3,"15":3,"16":3,"17":3,"18":0,"19":3,"20":1,"21":2,"22":2,"23":2,"24":2,"25":2,"26":2,"27":1,"28":8,"29":8,"30":3,"31":3,"32":3,"33":3,"34":3,"35":3,"36":3,"37":19,"38":17,"39":17,"40":16,"41":16,"42":16,"43":16,"44":16,"45":16,"46":3,"47":3,"48":3,"49":3,"50":2,"51":2,"52":13,"53":13,"54":0,"55":0,"56":0,"57":0,"58":3},"b":{"1":[8,2],"2":[1,0],"3":[1,2],"4":[3,0],"5":[0,3],"6":[1,2],"7":[2,0],"8":[1,1],"9":[2,17],"10":[1,16],"11":[2,1],"12":[13,0]},"f":{"1":10,"2":1,"3":3,"4":3,"5":2,"6":8,"7":3,"8":13,"9":3},"fnMap":{"1":{"name":"proposeCallback","line":32,"loc":{"start":{"line":32,"column":4},"end":{"line":53,"column":4}}},"2":{"name":"refuseCallback","line":59,"loc":{"start":{"line":59,"column":4},"end":{"line":73,"column":4}}},"3":{"name":"approveCallback","line":79,"loc":{"start":{"line":79,"column":4},"end":{"line":90,"column":4}}},"4":{"name":"acceptCallback","line":96,"loc":{"start":{"line":96,"column":4},"end":{"line":117,"column":4}}},"5":{"name":"executeCallback","line":124,"loc":{"start":{"line":124,"column":4},"end":{"line":136,"column":4}}},"6":{"name":"_needLegalApproval","line":144,"loc":{"start":{"line":144,"column":4},"end":{"line":150,"column":4}}},"7":{"name":"_executeCallback","line":152,"loc":{"start":{"line":152,"column":4},"end":{"line":191,"column":4}}},"8":{"name":"_callbackPrice","line":193,"loc":{"start":{"line":193,"column":4},"end":{"line":204,"column":4}}},"9":{"name":"_isLegalAuthority","line":206,"loc":{"start":{"line":206,"column":4},"end":{"line":208,"column":4}}}},"statementMap":{"1":{"start":{"line":33,"column":8},"end":{"line":33,"column":1000}},"2":{"start":{"line":37,"column":8},"end":{"line":37,"column":1185}},"3":{"start":{"line":50,"column":8},"end":{"line":50,"column":37}},"4":{"start":{"line":52,"column":8},"end":{"line":52,"column":40}},"5":{"start":{"line":60,"column":8},"end":{"line":60,"column":57}},"6":{"start":{"line":62,"column":8},"end":{"line":62,"column":2057}},"7":{"start":{"line":69,"column":8},"end":{"line":69,"column":44}},"8":{"start":{"line":70,"column":8},"end":{"line":70,"column":71}},"9":{"start":{"line":72,"column":8},"end":{"line":72,"column":40}},"10":{"start":{"line":80,"column":8},"end":{"line":80,"column":57}},"11":{"start":{"line":82,"column":8},"end":{"line":82,"column":2792}},"12":{"start":{"line":87,"column":8},"end":{"line":87,"column":52}},"13":{"start":{"line":89,"column":8},"end":{"line":89,"column":40}},"14":{"start":{"line":97,"column":8},"end":{"line":97,"column":57}},"15":{"start":{"line":99,"column":8},"end":{"line":99,"column":3315}},"16":{"start":{"line":107,"column":8},"end":{"line":107,"column":45}},"17":{"start":{"line":109,"column":8},"end":{"line":109,"column":3781}},"18":{"start":{"line":110,"column":12},"end":{"line":110,"column":68}},"19":{"start":{"line":111,"column":15},"end":{"line":111,"column":3906}},"20":{"start":{"line":112,"column":12},"end":{"line":112,"column":77}},"21":{"start":{"line":114,"column":12},"end":{"line":114,"column":44}},"22":{"start":{"line":115,"column":12},"end":{"line":115,"column":71}},"23":{"start":{"line":125,"column":8},"end":{"line":125,"column":57}},"24":{"start":{"line":127,"column":8},"end":{"line":127,"column":4644}},"25":{"start":{"line":131,"column":8},"end":{"line":131,"column":44}},"26":{"start":{"line":133,"column":8},"end":{"line":133,"column":4790}},"27":{"start":{"line":134,"column":12},"end":{"line":134,"column":72}},"28":{"start":{"line":145,"column":8},"end":{"line":145,"column":109}},"29":{"start":{"line":147,"column":8},"end":{"line":147,"column":5299}},"30":{"start":{"line":153,"column":8},"end":{"line":153,"column":56}},"31":{"start":{"line":155,"column":8},"end":{"line":155,"column":5594}},"32":{"start":{"line":159,"column":8},"end":{"line":159,"column":58}},"33":{"start":{"line":160,"column":8},"end":{"line":160,"column":98}},"34":{"start":{"line":162,"column":8},"end":{"line":162,"column":34}},"35":{"start":{"line":163,"column":8},"end":{"line":163,"column":33}},"36":{"start":{"line":165,"column":8},"end":{"line":165,"column":5965}},"37":{"start":{"line":166,"column":12},"end":{"line":166,"column":69}},"38":{"start":{"line":167,"column":12},"end":{"line":167,"column":73}},"39":{"start":{"line":168,"column":12},"end":{"line":168,"column":44}},"40":{"start":{"line":170,"column":12},"end":{"line":170,"column":75}},"41":{"start":{"line":172,"column":12},"end":{"line":172,"column":89}},"42":{"start":{"line":174,"column":12},"end":{"line":174,"column":52}},"43":{"start":{"line":176,"column":12},"end":{"line":176,"column":61}},"44":{"start":{"line":177,"column":12},"end":{"line":177,"column":51}},"45":{"start":{"line":179,"column":12},"end":{"line":179,"column":112}},"46":{"start":{"line":182,"column":8},"end":{"line":182,"column":103}},"47":{"start":{"line":184,"column":8},"end":{"line":184,"column":76}},"48":{"start":{"line":186,"column":8},"end":{"line":186,"column":47}},"49":{"start":{"line":187,"column":8},"end":{"line":187,"column":7195}},"50":{"start":{"line":188,"column":12},"end":{"line":188,"column":50}},"51":{"start":{"line":189,"column":12},"end":{"line":189,"column":44}},"52":{"start":{"line":194,"column":8},"end":{"line":194,"column":7488}},"53":{"start":{"line":196,"column":12},"end":{"line":196,"column":94}},"54":{"start":{"line":199,"column":8},"end":{"line":199,"column":34}},"55":{"start":{"line":200,"column":8},"end":{"line":200,"column":7730}},"56":{"start":{"line":201,"column":12},"end":{"line":201,"column":66}},"57":{"start":{"line":203,"column":8},"end":{"line":203,"column":40}},"58":{"start":{"line":207,"column":8},"end":{"line":207,"column":52}}},"branchMap":{"1":{"line":33,"type":"if","locations":[{"start":{"line":33,"column":8},"end":{"line":33,"column":8}},{"start":{"line":33,"column":8},"end":{"line":33,"column":8}}]},"2":{"line":62,"type":"if","locations":[{"start":{"line":62,"column":8},"end":{"line":62,"column":8}},{"start":{"line":62,"column":8},"end":{"line":62,"column":8}}]},"3":{"line":82,"type":"if","locations":[{"start":{"line":82,"column":8},"end":{"line":82,"column":8}},{"start":{"line":82,"column":8},"end":{"line":82,"column":8}}]},"4":{"line":99,"type":"if","locations":[{"start":{"line":99,"column":8},"end":{"line":99,"column":8}},{"start":{"line":99,"column":8},"end":{"line":99,"column":8}}]},"5":{"line":109,"type":"if","locations":[{"start":{"line":109,"column":8},"end":{"line":109,"column":8}},{"start":{"line":109,"column":8},"end":{"line":109,"column":8}}]},"6":{"line":111,"type":"if","locations":[{"start":{"line":111,"column":15},"end":{"line":111,"column":15}},{"start":{"line":111,"column":15},"end":{"line":111,"column":15}}]},"7":{"line":127,"type":"if","locations":[{"start":{"line":127,"column":8},"end":{"line":127,"column":8}},{"start":{"line":127,"column":8},"end":{"line":127,"column":8}}]},"8":{"line":133,"type":"if","locations":[{"start":{"line":133,"column":8},"end":{"line":133,"column":8}},{"start":{"line":133,"column":8},"end":{"line":133,"column":8}}]},"9":{"line":166,"type":"if","locations":[{"start":{"line":166,"column":12},"end":{"line":166,"column":12}},{"start":{"line":166,"column":12},"end":{"line":166,"column":12}}]},"10":{"line":168,"type":"if","locations":[{"start":{"line":168,"column":12},"end":{"line":168,"column":12}},{"start":{"line":168,"column":12},"end":{"line":168,"column":12}}]},"11":{"line":187,"type":"if","locations":[{"start":{"line":187,"column":8},"end":{"line":187,"column":8}},{"start":{"line":187,"column":8},"end":{"line":187,"column":8}}]},"12":{"line":194,"type":"if","locations":[{"start":{"line":194,"column":8},"end":{"line":194,"column":8}},{"start":{"line":194,"column":8},"end":{"line":194,"column":8}}]}}},"contracts/lib/ChargeableTransfer.sol":{"l":{"25":110,"35":13,"45":296,"46":286,"47":286,"48":286,"53":296,"54":296,"56":286,"59":10,"67":296,"68":296,"69":296,"70":296,"74":222,"75":222,"77":222,"79":222,"81":229,"82":229,"83":229,"85":229,"86":222,"87":222,"88":222,"89":222,"91":7,"92":7,"93":7,"94":7,"98":222,"100":222,"106":222,"108":222,"110":222,"115":112,"117":0,"120":0,"123":112,"125":108,"133":116,"135":116,"137":112,"139":112,"141":108,"146":11,"147":22},"path":"/home/ouziel/Work/StashBloxContracts/contracts/lib/ChargeableTransfer.sol","s":{"1":110,"2":13,"3":296,"4":286,"5":286,"6":286,"7":296,"8":296,"9":286,"10":10,"11":296,"12":296,"13":296,"14":296,"15":222,"16":222,"17":222,"18":222,"19":229,"20":229,"21":229,"22":229,"23":222,"24":222,"25":197,"26":222,"27":7,"28":7,"29":6,"30":7,"31":7,"32":222,"33":222,"34":222,"35":222,"36":222,"37":112,"38":0,"39":0,"40":112,"41":108,"42":116,"43":116,"44":112,"45":112,"46":108,"47":11,"48":22},"b":{"1":[286,10],"2":[286,10],"3":[222,7],"4":[197,25],"5":[6,1],"6":[0,112]},"f":{"1":110,"2":13,"3":296,"4":296,"5":296,"6":222,"7":222,"8":112,"9":116,"10":11},"fnMap":{"1":{"name":"transactionFees","line":24,"loc":{"start":{"line":24,"column":4},"end":{"line":26,"column":4}}},"2":{"name":"averageAge","line":34,"loc":{"start":{"line":34,"column":4},"end":{"line":36,"column":4}}},"3":{"name":"_registerNewHolder","line":44,"loc":{"start":{"line":44,"column":4},"end":{"line":50,"column":4}}},"4":{"name":"_updateBirthday","line":52,"loc":{"start":{"line":52,"column":4},"end":{"line":63,"column":4}}},"5":{"name":"_addToBalance","line":66,"loc":{"start":{"line":66,"column":4},"end":{"line":71,"column":4}}},"6":{"name":"_storageCost","line":73,"loc":{"start":{"line":73,"column":4},"end":{"line":101,"column":4}}},"7":{"name":"_transactionFees","line":104,"loc":{"start":{"line":104,"column":4},"end":{"line":111,"column":4}}},"8":{"name":"_payFees","line":113,"loc":{"start":{"line":113,"column":4},"end":{"line":128,"column":4}}},"9":{"name":"_moveTokens","line":131,"loc":{"start":{"line":131,"column":4},"end":{"line":142,"column":4}}},"10":{"name":"_moveTokensBatch","line":145,"loc":{"start":{"line":145,"column":4},"end":{"line":149,"column":4}}}},"statementMap":{"1":{"start":{"line":25,"column":8},"end":{"line":25,"column":51}},"2":{"start":{"line":35,"column":8},"end":{"line":35,"column":66}},"3":{"start":{"line":45,"column":8},"end":{"line":45,"column":1305}},"4":{"start":{"line":46,"column":12},"end":{"line":46,"column":39}},"5":{"start":{"line":47,"column":12},"end":{"line":47,"column":40}},"6":{"start":{"line":48,"column":12},"end":{"line":48,"column":48}},"7":{"start":{"line":53,"column":8},"end":{"line":53,"column":63}},"8":{"start":{"line":54,"column":8},"end":{"line":54,"column":1659}},"9":{"start":{"line":56,"column":12},"end":{"line":56,"column":59}},"10":{"start":{"line":59,"column":12},"end":{"line":59,"column":1894}},"11":{"start":{"line":67,"column":8},"end":{"line":67,"column":69}},"12":{"start":{"line":68,"column":8},"end":{"line":68,"column":38}},"13":{"start":{"line":69,"column":8},"end":{"line":69,"column":47}},"14":{"start":{"line":70,"column":8},"end":{"line":70,"column":49}},"15":{"start":{"line":74,"column":8},"end":{"line":74,"column":29}},"16":{"start":{"line":75,"column":8},"end":{"line":75,"column":44}},"17":{"start":{"line":77,"column":8},"end":{"line":77,"column":95}},"18":{"start":{"line":79,"column":8},"end":{"line":79,"column":2771}},"19":{"start":{"line":81,"column":12},"end":{"line":81,"column":56}},"20":{"start":{"line":82,"column":12},"end":{"line":82,"column":49}},"21":{"start":{"line":83,"column":12},"end":{"line":83,"column":31}},"22":{"start":{"line":85,"column":12},"end":{"line":85,"column":2989}},"23":{"start":{"line":86,"column":16},"end":{"line":86,"column":88}},"24":{"start":{"line":87,"column":16},"end":{"line":87,"column":53}},"25":{"start":{"line":87,"column":38},"end":{"line":87,"column":52}},"26":{"start":{"line":88,"column":16},"end":{"line":88,"column":66}},"27":{"start":{"line":91,"column":16},"end":{"line":91,"column":69}},"28":{"start":{"line":92,"column":16},"end":{"line":92,"column":53}},"29":{"start":{"line":92,"column":38},"end":{"line":92,"column":52}},"30":{"start":{"line":93,"column":16},"end":{"line":93,"column":39}},"31":{"start":{"line":94,"column":16},"end":{"line":94,"column":66}},"32":{"start":{"line":98,"column":8},"end":{"line":98,"column":58}},"33":{"start":{"line":100,"column":8},"end":{"line":100,"column":24}},"34":{"start":{"line":106,"column":8},"end":{"line":106,"column":62}},"35":{"start":{"line":108,"column":8},"end":{"line":108,"column":79}},"36":{"start":{"line":110,"column":8},"end":{"line":110,"column":73}},"37":{"start":{"line":115,"column":8},"end":{"line":115,"column":4337}},"38":{"start":{"line":117,"column":12},"end":{"line":117,"column":4574}},"39":{"start":{"line":120,"column":12},"end":{"line":120,"column":116}},"40":{"start":{"line":123,"column":12},"end":{"line":123,"column":104}},"41":{"start":{"line":125,"column":12},"end":{"line":125,"column":66}},"42":{"start":{"line":133,"column":8},"end":{"line":133,"column":97}},"43":{"start":{"line":135,"column":8},"end":{"line":135,"column":35}},"44":{"start":{"line":137,"column":8},"end":{"line":137,"column":47}},"45":{"start":{"line":139,"column":8},"end":{"line":139,"column":35}},"46":{"start":{"line":141,"column":8},"end":{"line":141,"column":19}},"47":{"start":{"line":146,"column":8},"end":{"line":146,"column":5943}},"48":{"start":{"line":147,"column":12},"end":{"line":147,"column":61}}},"branchMap":{"1":{"line":45,"type":"if","locations":[{"start":{"line":45,"column":8},"end":{"line":45,"column":8}},{"start":{"line":45,"column":8},"end":{"line":45,"column":8}}]},"2":{"line":54,"type":"if","locations":[{"start":{"line":54,"column":8},"end":{"line":54,"column":8}},{"start":{"line":54,"column":8},"end":{"line":54,"column":8}}]},"3":{"line":85,"type":"if","locations":[{"start":{"line":85,"column":12},"end":{"line":85,"column":12}},{"start":{"line":85,"column":12},"end":{"line":85,"column":12}}]},"4":{"line":87,"type":"if","locations":[{"start":{"line":87,"column":16},"end":{"line":87,"column":16}},{"start":{"line":87,"column":16},"end":{"line":87,"column":16}}]},"5":{"line":92,"type":"if","locations":[{"start":{"line":92,"column":16},"end":{"line":92,"column":16}},{"start":{"line":92,"column":16},"end":{"line":92,"column":16}}]},"6":{"line":115,"type":"if","locations":[{"start":{"line":115,"column":8},"end":{"line":115,"column":8}},{"start":{"line":115,"column":8},"end":{"line":115,"column":8}}]}}},"contracts/lib/Configurable.sol":{"l":{"37":10,"38":10,"39":10,"40":10,"41":10,"42":10,"44":10},"path":"/home/ouziel/Work/StashBloxContracts/contracts/lib/Configurable.sol","s":{"1":10,"2":10,"3":10,"4":10,"5":1,"6":10,"7":10,"8":10},"b":{"1":[1,9]},"f":{"1":10},"fnMap":{"1":{"name":"updateConfig","line":36,"loc":{"start":{"line":31,"column":4},"end":{"line":45,"column":4}}}},"statementMap":{"1":{"start":{"line":37,"column":8},"end":{"line":37,"column":78}},"2":{"start":{"line":38,"column":8},"end":{"line":38,"column":32}},"3":{"start":{"line":39,"column":8},"end":{"line":39,"column":50}},"4":{"start":{"line":40,"column":8},"end":{"line":40,"column":61}},"5":{"start":{"line":40,"column":36},"end":{"line":40,"column":60}},"6":{"start":{"line":41,"column":8},"end":{"line":41,"column":56}},"7":{"start":{"line":42,"column":8},"end":{"line":42,"column":58}},"8":{"start":{"line":44,"column":8},"end":{"line":44,"column":28}}},"branchMap":{"1":{"line":40,"type":"if","locations":[{"start":{"line":40,"column":8},"end":{"line":40,"column":8}},{"start":{"line":40,"column":8},"end":{"line":40,"column":8}}]}}},"contracts/lib/Data.sol":{"l":{},"path":"/home/ouziel/Work/StashBloxContracts/contracts/lib/Data.sol","s":{},"b":{},"f":{},"fnMap":{},"statementMap":{},"branchMap":{}},"contracts/lib/GSNCapable.sol":{"l":{"15":768,"25":857,"29":1,"33":856,"46":5,"49":1,"60":4,"66":0},"path":"/home/ouziel/Work/StashBloxContracts/contracts/lib/GSNCapable.sol","s":{"1":768,"2":857,"3":856,"4":5,"5":4,"6":0},"b":{"1":[1,856],"2":[1,4]},"f":{"1":768,"2":857,"3":5,"4":0},"fnMap":{"1":{"name":"isTrustedForwarder","line":14,"loc":{"start":{"line":14,"column":4},"end":{"line":16,"column":4}}},"2":{"name":"_msgSender","line":24,"loc":{"start":{"line":24,"column":4},"end":{"line":35,"column":4}}},"3":{"name":"_msgData","line":45,"loc":{"start":{"line":45,"column":4},"end":{"line":62,"column":4}}},"4":{"name":"versionRecipient","line":64,"loc":{"start":{"line":64,"column":4},"end":{"line":67,"column":4}}}},"statementMap":{"1":{"start":{"line":15,"column":8},"end":{"line":15,"column":53}},"2":{"start":{"line":25,"column":8},"end":{"line":25,"column":884}},"3":{"start":{"line":33,"column":12},"end":{"line":33,"column":29}},"4":{"start":{"line":46,"column":8},"end":{"line":46,"column":1863}},"5":{"start":{"line":60,"column":12},"end":{"line":60,"column":27}},"6":{"start":{"line":66,"column":8},"end":{"line":66,"column":39}}},"branchMap":{"1":{"line":25,"type":"if","locations":[{"start":{"line":25,"column":8},"end":{"line":25,"column":8}},{"start":{"line":25,"column":8},"end":{"line":25,"column":8}}]},"2":{"line":46,"type":"if","locations":[{"start":{"line":46,"column":8},"end":{"line":46,"column":8}},{"start":{"line":46,"column":8},"end":{"line":46,"column":8}}]}}},"contracts/lib/Lockable.sol":{"l":{"25":4,"33":4,"41":4,"42":4,"50":4,"60":7,"61":7,"65":124,"69":240,"73":120,"78":120,"79":116},"path":"/home/ouziel/Work/StashBloxContracts/contracts/lib/Lockable.sol","s":{"1":4,"2":4,"3":4,"4":4,"5":4,"6":7,"7":7,"8":124,"9":240,"10":120,"11":120,"12":116},"b":{"1":[116,4]},"f":{"1":4,"2":4,"3":4,"4":4,"5":7,"6":124,"7":240,"8":120,"9":120},"fnMap":{"1":{"name":"setTokenLock","line":24,"loc":{"start":{"line":24,"column":4},"end":{"line":26,"column":4}}},"2":{"name":"isLockedToken","line":32,"loc":{"start":{"line":32,"column":4},"end":{"line":34,"column":4}}},"3":{"name":"setAccountLock","line":40,"loc":{"start":{"line":40,"column":4},"end":{"line":43,"column":4}}},"4":{"name":"isLockedAccount","line":49,"loc":{"start":{"line":49,"column":4},"end":{"line":51,"column":4}}},"5":{"name":"_setTokenLock","line":59,"loc":{"start":{"line":59,"column":4},"end":{"line":62,"column":4}}},"6":{"name":"_isLockedToken","line":64,"loc":{"start":{"line":64,"column":4},"end":{"line":66,"column":4}}},"7":{"name":"_isLockedAccount","line":68,"loc":{"start":{"line":68,"column":4},"end":{"line":70,"column":4}}},"8":{"name":"_isLockedMove","line":72,"loc":{"start":{"line":72,"column":4},"end":{"line":74,"column":4}}},"9":{"name":"_moveTokens","line":77,"loc":{"start":{"line":77,"column":4},"end":{"line":80,"column":4}}}},"statementMap":{"1":{"start":{"line":25,"column":8},"end":{"line":25,"column":44}},"2":{"start":{"line":33,"column":8},"end":{"line":33,"column":33}},"3":{"start":{"line":41,"column":8},"end":{"line":41,"column":41}},"4":{"start":{"line":42,"column":8},"end":{"line":42,"column":50}},"5":{"start":{"line":50,"column":8},"end":{"line":50,"column":40}},"6":{"start":{"line":60,"column":8},"end":{"line":60,"column":32}},"7":{"start":{"line":61,"column":8},"end":{"line":61,"column":43}},"8":{"start":{"line":65,"column":8},"end":{"line":65,"column":33}},"9":{"start":{"line":69,"column":8},"end":{"line":69,"column":42}},"10":{"start":{"line":73,"column":8},"end":{"line":73,"column":99}},"11":{"start":{"line":78,"column":8},"end":{"line":78,"column":61}},"12":{"start":{"line":79,"column":8},"end":{"line":79,"column":63}}},"branchMap":{"1":{"line":78,"type":"if","locations":[{"start":{"line":78,"column":8},"end":{"line":78,"column":8}},{"start":{"line":78,"column":8},"end":{"line":78,"column":8}}]}}},"contracts/lib/Maintenable.sol":{"l":{"23":19,"24":17,"38":4,"49":4,"73":7,"75":7,"77":7,"87":27},"path":"/home/ouziel/Work/StashBloxContracts/contracts/lib/Maintenable.sol","s":{"1":19,"2":4,"3":4,"4":7,"5":7,"6":7,"7":27},"b":{"1":[17,2],"2":[7,0]},"f":{"1":19,"2":4,"3":4,"4":7,"5":27},"fnMap":{"1":{"name":"onlyMaintener","line":22,"loc":{"start":{"line":22,"column":4},"end":{"line":25,"column":4}}},"2":{"name":"setMaintenerAuthorization","line":37,"loc":{"start":{"line":37,"column":4},"end":{"line":39,"column":4}}},"3":{"name":"isMaintener","line":48,"loc":{"start":{"line":48,"column":4},"end":{"line":50,"column":4}}},"4":{"name":"updateToken","line":72,"loc":{"start":{"line":72,"column":4},"end":{"line":78,"column":4}}},"5":{"name":"_isMaintener","line":86,"loc":{"start":{"line":86,"column":4},"end":{"line":88,"column":4}}}},"statementMap":{"1":{"start":{"line":23,"column":8},"end":{"line":23,"column":73}},"2":{"start":{"line":38,"column":8},"end":{"line":38,"column":54}},"3":{"start":{"line":49,"column":8},"end":{"line":49,"column":40}},"4":{"start":{"line":73,"column":8},"end":{"line":73,"column":55}},"5":{"start":{"line":75,"column":8},"end":{"line":75,"column":28}},"6":{"start":{"line":77,"column":8},"end":{"line":77,"column":40}},"7":{"start":{"line":87,"column":8},"end":{"line":87,"column":78}}},"branchMap":{"1":{"line":23,"type":"if","locations":[{"start":{"line":23,"column":8},"end":{"line":23,"column":8}},{"start":{"line":23,"column":8},"end":{"line":23,"column":8}}]},"2":{"line":73,"type":"if","locations":[{"start":{"line":73,"column":8},"end":{"line":73,"column":8}},{"start":{"line":73,"column":8},"end":{"line":73,"column":8}}]}}},"contracts/lib/Mintable.sol":{"l":{"18":176,"19":172,"33":7,"41":4,"71":171,"75":171,"88":1,"91":1,"92":10,"94":10,"109":180,"126":188,"130":188,"131":188,"132":188,"133":188,"134":188,"135":188,"136":188,"137":188,"138":188,"139":188,"140":188,"141":188,"142":188,"151":181,"153":181,"154":181,"155":181,"157":181,"159":181,"163":10},"path":"/home/ouziel/Work/StashBloxContracts/contracts/lib/Mintable.sol","s":{"1":176,"2":7,"3":4,"4":171,"5":171,"6":1,"7":1,"8":10,"9":10,"10":180,"11":188,"12":188,"13":182,"14":188,"15":188,"16":188,"17":188,"18":188,"19":188,"20":188,"21":188,"22":188,"23":188,"24":188,"25":188,"26":181,"27":181,"28":181,"29":181,"30":181,"31":181,"32":10},"b":{"1":[172,4],"2":[1,0],"3":[188,0],"4":[182,6],"5":[181,0]},"f":{"1":176,"2":7,"3":4,"4":171,"5":1,"6":180,"7":188,"8":181,"9":10},"fnMap":{"1":{"name":"onlyTokenizer","line":17,"loc":{"start":{"line":17,"column":4},"end":{"line":20,"column":4}}},"2":{"name":"setTokenizerAuthorization","line":32,"loc":{"start":{"line":32,"column":4},"end":{"line":34,"column":4}}},"3":{"name":"isTokenizer","line":40,"loc":{"start":{"line":40,"column":4},"end":{"line":42,"column":4}}},"4":{"name":"createToken","line":70,"loc":{"start":{"line":66,"column":4},"end":{"line":76,"column":4}}},"5":{"name":"cloneToken","line":87,"loc":{"start":{"line":84,"column":4},"end":{"line":100,"column":4}}},"6":{"name":"_isTokenizer","line":108,"loc":{"start":{"line":108,"column":4},"end":{"line":110,"column":4}}},"7":{"name":"_setToken","line":125,"loc":{"start":{"line":125,"column":4},"end":{"line":143,"column":4}}},"8":{"name":"_createToken","line":146,"loc":{"start":{"line":146,"column":4},"end":{"line":160,"column":4}}},"9":{"name":"_cloneToken","line":162,"loc":{"start":{"line":162,"column":4},"end":{"line":180,"column":4}}}},"statementMap":{"1":{"start":{"line":18,"column":8},"end":{"line":18,"column":69}},"2":{"start":{"line":33,"column":8},"end":{"line":33,"column":51}},"3":{"start":{"line":41,"column":8},"end":{"line":41,"column":36}},"4":{"start":{"line":71,"column":8},"end":{"line":71,"column":2207}},"5":{"start":{"line":75,"column":8},"end":{"line":75,"column":76}},"6":{"start":{"line":88,"column":8},"end":{"line":88,"column":2842}},"7":{"start":{"line":91,"column":8},"end":{"line":91,"column":2896}},"8":{"start":{"line":92,"column":12},"end":{"line":92,"column":53}},"9":{"start":{"line":94,"column":12},"end":{"line":94,"column":3051}},"10":{"start":{"line":109,"column":8},"end":{"line":109,"column":75}},"11":{"start":{"line":126,"column":8},"end":{"line":126,"column":4082}},"12":{"start":{"line":130,"column":8},"end":{"line":130,"column":72}},"13":{"start":{"line":130,"column":51},"end":{"line":130,"column":72}},"14":{"start":{"line":131,"column":8},"end":{"line":131,"column":43}},"15":{"start":{"line":132,"column":8},"end":{"line":132,"column":44}},"16":{"start":{"line":133,"column":8},"end":{"line":133,"column":52}},"17":{"start":{"line":134,"column":8},"end":{"line":134,"column":63}},"18":{"start":{"line":135,"column":8},"end":{"line":135,"column":43}},"19":{"start":{"line":136,"column":8},"end":{"line":136,"column":42}},"20":{"start":{"line":137,"column":8},"end":{"line":137,"column":58}},"21":{"start":{"line":138,"column":8},"end":{"line":138,"column":43}},"22":{"start":{"line":139,"column":8},"end":{"line":139,"column":64}},"23":{"start":{"line":140,"column":8},"end":{"line":140,"column":41}},"24":{"start":{"line":141,"column":8},"end":{"line":141,"column":63}},"25":{"start":{"line":142,"column":8},"end":{"line":142,"column":40}},"26":{"start":{"line":151,"column":8},"end":{"line":151,"column":74}},"27":{"start":{"line":153,"column":8},"end":{"line":153,"column":34}},"28":{"start":{"line":154,"column":8},"end":{"line":154,"column":52}},"29":{"start":{"line":155,"column":8},"end":{"line":155,"column":48}},"30":{"start":{"line":157,"column":8},"end":{"line":157,"column":28}},"31":{"start":{"line":159,"column":8},"end":{"line":159,"column":43}},"32":{"start":{"line":163,"column":8},"end":{"line":163,"column":5547}}},"branchMap":{"1":{"line":18,"type":"if","locations":[{"start":{"line":18,"column":8},"end":{"line":18,"column":8}},{"start":{"line":18,"column":8},"end":{"line":18,"column":8}}]},"2":{"line":88,"type":"if","locations":[{"start":{"line":88,"column":8},"end":{"line":88,"column":8}},{"start":{"line":88,"column":8},"end":{"line":88,"column":8}}]},"3":{"line":126,"type":"if","locations":[{"start":{"line":126,"column":8},"end":{"line":126,"column":8}},{"start":{"line":126,"column":8},"end":{"line":126,"column":8}}]},"4":{"line":130,"type":"if","locations":[{"start":{"line":130,"column":8},"end":{"line":130,"column":8}},{"start":{"line":130,"column":8},"end":{"line":130,"column":8}}]},"5":{"line":151,"type":"if","locations":[{"start":{"line":151,"column":8},"end":{"line":151,"column":8}},{"start":{"line":151,"column":8},"end":{"line":151,"column":8}}]}}},"contracts/lib/MultiToken.sol":{"l":{"39":3,"41":2,"43":1,"56":482,"57":481,"77":3,"79":2,"81":2,"82":4,"83":3,"86":1,"101":8,"102":8,"103":6,"104":6,"114":14,"136":104,"138":104,"139":102,"144":98,"146":98,"148":88,"150":88,"173":19,"175":19,"176":17,"177":15,"182":11,"184":11,"186":9,"188":9,"196":183,"215":88,"216":5,"234":9,"235":5},"path":"/home/ouziel/Work/StashBloxContracts/contracts/lib/MultiToken.sol","s":{"1":3,"2":2,"3":1,"4":482,"5":481,"6":3,"7":2,"8":2,"9":4,"10":3,"11":1,"12":8,"13":8,"14":6,"15":6,"16":14,"17":104,"18":104,"19":102,"20":98,"21":98,"22":88,"23":88,"24":19,"25":19,"26":17,"27":15,"28":11,"29":11,"30":9,"31":9,"32":183,"33":88,"34":5,"35":9,"36":5},"b":{"1":[2,1],"2":[481,1],"3":[2,1],"4":[3,1],"5":[6,2],"6":[102,2],"7":[98,4],"8":[17,2],"9":[15,2],"10":[11,4],"11":[5,83],"12":[1,4],"13":[5,4],"14":[1,4]},"f":{"1":3,"2":482,"3":3,"4":8,"5":14,"6":104,"7":19,"8":183,"9":88,"10":9},"fnMap":{"1":{"name":"supportsInterface","line":38,"loc":{"start":{"line":38,"column":4},"end":{"line":44,"column":4}}},"2":{"name":"balanceOf","line":55,"loc":{"start":{"line":55,"column":4},"end":{"line":58,"column":4}}},"3":{"name":"balanceOfBatch","line":69,"loc":{"start":{"line":69,"column":4},"end":{"line":87,"column":4}}},"4":{"name":"setApprovalForAll","line":100,"loc":{"start":{"line":100,"column":4},"end":{"line":105,"column":4}}},"5":{"name":"isApprovedForAll","line":113,"loc":{"start":{"line":113,"column":4},"end":{"line":115,"column":4}}},"6":{"name":"safeTransferFrom","line":127,"loc":{"start":{"line":127,"column":4},"end":{"line":151,"column":4}}},"7":{"name":"safeBatchTransferFrom","line":164,"loc":{"start":{"line":164,"column":4},"end":{"line":189,"column":4}}},"8":{"name":"uri","line":195,"loc":{"start":{"line":195,"column":4},"end":{"line":197,"column":4}}},"9":{"name":"_doSafeTransferAcceptanceCheck","line":205,"loc":{"start":{"line":205,"column":4},"end":{"line":222,"column":4}}},"10":{"name":"_doSafeBatchTransferAcceptanceCheck","line":224,"loc":{"start":{"line":224,"column":4},"end":{"line":241,"column":4}}}},"statementMap":{"1":{"start":{"line":39,"column":6},"end":{"line":39,"column":1193}},"2":{"start":{"line":41,"column":8},"end":{"line":41,"column":19}},"3":{"start":{"line":43,"column":6},"end":{"line":43,"column":18}},"4":{"start":{"line":56,"column":8},"end":{"line":56,"column":56}},"5":{"start":{"line":57,"column":8},"end":{"line":57,"column":44}},"6":{"start":{"line":77,"column":8},"end":{"line":77,"column":66}},"7":{"start":{"line":79,"column":8},"end":{"line":79,"column":71}},"8":{"start":{"line":81,"column":8},"end":{"line":81,"column":2544}},"9":{"start":{"line":82,"column":12},"end":{"line":82,"column":64}},"10":{"start":{"line":83,"column":12},"end":{"line":83,"column":67}},"11":{"start":{"line":86,"column":8},"end":{"line":86,"column":28}},"12":{"start":{"line":101,"column":8},"end":{"line":101,"column":38}},"13":{"start":{"line":102,"column":8},"end":{"line":102,"column":54}},"14":{"start":{"line":103,"column":8},"end":{"line":103,"column":55}},"15":{"start":{"line":104,"column":8},"end":{"line":104,"column":56}},"16":{"start":{"line":114,"column":8},"end":{"line":114,"column":51}},"17":{"start":{"line":136,"column":8},"end":{"line":136,"column":39}},"18":{"start":{"line":138,"column":8},"end":{"line":138,"column":53}},"19":{"start":{"line":139,"column":8},"end":{"line":139,"column":4835}},"20":{"start":{"line":144,"column":8},"end":{"line":144,"column":85}},"21":{"start":{"line":146,"column":8},"end":{"line":146,"column":49}},"22":{"start":{"line":148,"column":8},"end":{"line":148,"column":58}},"23":{"start":{"line":150,"column":8},"end":{"line":150,"column":74}},"24":{"start":{"line":173,"column":8},"end":{"line":173,"column":39}},"25":{"start":{"line":175,"column":8},"end":{"line":175,"column":64}},"26":{"start":{"line":176,"column":8},"end":{"line":176,"column":51}},"27":{"start":{"line":177,"column":8},"end":{"line":177,"column":6257}},"28":{"start":{"line":182,"column":8},"end":{"line":182,"column":85}},"29":{"start":{"line":184,"column":8},"end":{"line":184,"column":56}},"30":{"start":{"line":186,"column":8},"end":{"line":186,"column":59}},"31":{"start":{"line":188,"column":8},"end":{"line":188,"column":81}},"32":{"start":{"line":196,"column":8},"end":{"line":196,"column":60}},"33":{"start":{"line":215,"column":8},"end":{"line":215,"column":7248}},"34":{"start":{"line":216,"column":12},"end":{"line":216,"column":7286}},"35":{"start":{"line":234,"column":8},"end":{"line":234,"column":7773}},"36":{"start":{"line":235,"column":12},"end":{"line":235,"column":7811}}},"branchMap":{"1":{"line":39,"type":"if","locations":[{"start":{"line":39,"column":6},"end":{"line":39,"column":6}},{"start":{"line":39,"column":6},"end":{"line":39,"column":6}}]},"2":{"line":56,"type":"if","locations":[{"start":{"line":56,"column":8},"end":{"line":56,"column":8}},{"start":{"line":56,"column":8},"end":{"line":56,"column":8}}]},"3":{"line":77,"type":"if","locations":[{"start":{"line":77,"column":8},"end":{"line":77,"column":8}},{"start":{"line":77,"column":8},"end":{"line":77,"column":8}}]},"4":{"line":82,"type":"if","locations":[{"start":{"line":82,"column":12},"end":{"line":82,"column":12}},{"start":{"line":82,"column":12},"end":{"line":82,"column":12}}]},"5":{"line":102,"type":"if","locations":[{"start":{"line":102,"column":8},"end":{"line":102,"column":8}},{"start":{"line":102,"column":8},"end":{"line":102,"column":8}}]},"6":{"line":138,"type":"if","locations":[{"start":{"line":138,"column":8},"end":{"line":138,"column":8}},{"start":{"line":138,"column":8},"end":{"line":138,"column":8}}]},"7":{"line":139,"type":"if","locations":[{"start":{"line":139,"column":8},"end":{"line":139,"column":8}},{"start":{"line":139,"column":8},"end":{"line":139,"column":8}}]},"8":{"line":175,"type":"if","locations":[{"start":{"line":175,"column":8},"end":{"line":175,"column":8}},{"start":{"line":175,"column":8},"end":{"line":175,"column":8}}]},"9":{"line":176,"type":"if","locations":[{"start":{"line":176,"column":8},"end":{"line":176,"column":8}},{"start":{"line":176,"column":8},"end":{"line":176,"column":8}}]},"10":{"line":177,"type":"if","locations":[{"start":{"line":177,"column":8},"end":{"line":177,"column":8}},{"start":{"line":177,"column":8},"end":{"line":177,"column":8}}]},"11":{"line":215,"type":"if","locations":[{"start":{"line":215,"column":8},"end":{"line":215,"column":8}},{"start":{"line":215,"column":8},"end":{"line":215,"column":8}}]},"12":{"line":216,"type":"if","locations":[{"start":{"line":216,"column":12},"end":{"line":216,"column":12}},{"start":{"line":216,"column":12},"end":{"line":216,"column":12}}]},"13":{"line":234,"type":"if","locations":[{"start":{"line":234,"column":8},"end":{"line":234,"column":8}},{"start":{"line":234,"column":8},"end":{"line":234,"column":8}}]},"14":{"line":235,"type":"if","locations":[{"start":{"line":235,"column":12},"end":{"line":235,"column":12}},{"start":{"line":235,"column":12},"end":{"line":235,"column":12}}]}}},"contracts/lib/Ownable.sol":{"l":{"21":85,"34":26,"35":26,"48":15,"57":1,"70":172,"71":172,"72":172,"79":26},"path":"/home/ouziel/Work/StashBloxContracts/contracts/lib/Ownable.sol","s":{"1":85,"2":26,"3":15,"4":1,"5":172,"6":172,"7":172,"8":26},"b":{"1":[26,0],"2":[172,0]},"f":{"1":85,"2":26,"3":15,"4":1,"5":172,"6":26},"fnMap":{"1":{"name":"constructor","line":20,"loc":{"start":{"line":20,"column":4},"end":{"line":22,"column":4}}},"2":{"name":"onlyOwner","line":33,"loc":{"start":{"line":33,"column":4},"end":{"line":36,"column":4}}},"3":{"name":"owner","line":47,"loc":{"start":{"line":47,"column":4},"end":{"line":49,"column":4}}},"4":{"name":"transferOwnership","line":56,"loc":{"start":{"line":56,"column":4},"end":{"line":58,"column":4}}},"5":{"name":"_transferOwnership","line":69,"loc":{"start":{"line":69,"column":4},"end":{"line":73,"column":4}}},"6":{"name":"_isOwner","line":78,"loc":{"start":{"line":78,"column":4},"end":{"line":80,"column":4}}}},"statementMap":{"1":{"start":{"line":21,"column":8},"end":{"line":21,"column":39}},"2":{"start":{"line":34,"column":8},"end":{"line":34,"column":62}},"3":{"start":{"line":48,"column":8},"end":{"line":48,"column":28}},"4":{"start":{"line":57,"column":8},"end":{"line":57,"column":34}},"5":{"start":{"line":70,"column":8},"end":{"line":70,"column":56}},"6":{"start":{"line":71,"column":8},"end":{"line":71,"column":57}},"7":{"start":{"line":72,"column":8},"end":{"line":72,"column":30}},"8":{"start":{"line":79,"column":8},"end":{"line":79,"column":44}}},"branchMap":{"1":{"line":34,"type":"if","locations":[{"start":{"line":34,"column":8},"end":{"line":34,"column":8}},{"start":{"line":34,"column":8},"end":{"line":34,"column":8}}]},"2":{"line":70,"type":"if","locations":[{"start":{"line":70,"column":8},"end":{"line":70,"column":8}},{"start":{"line":70,"column":8},"end":{"line":70,"column":8}}]}}},"contracts/lib/Privatizable.sol":{"l":{"20":6,"29":4,"39":300,"40":296},"path":"/home/ouziel/Work/StashBloxContracts/contracts/lib/Privatizable.sol","s":{"1":6,"2":4,"3":300,"4":296},"b":{"1":[296,4]},"f":{"1":6,"2":4,"3":300},"fnMap":{"1":{"name":"setAccountApproval","line":19,"loc":{"start":{"line":19,"column":4},"end":{"line":21,"column":4}}},"2":{"name":"isApprovedAccount","line":28,"loc":{"start":{"line":28,"column":4},"end":{"line":30,"column":4}}},"3":{"name":"_addToBalance","line":38,"loc":{"start":{"line":38,"column":4},"end":{"line":41,"column":4}}}},"statementMap":{"1":{"start":{"line":20,"column":8},"end":{"line":20,"column":52}},"2":{"start":{"line":29,"column":8},"end":{"line":29,"column":47}},"3":{"start":{"line":39,"column":8},"end":{"line":39,"column":98}},"4":{"start":{"line":40,"column":8},"end":{"line":40,"column":46}}},"branchMap":{"1":{"line":39,"type":"if","locations":[{"start":{"line":39,"column":8},"end":{"line":39,"column":8}},{"start":{"line":39,"column":8},"end":{"line":39,"column":8}}]}}},"contracts/lib/Proxyable.sol":{"l":{"20":14,"21":6,"22":2,"25":12,"29":14},"path":"/home/ouziel/Work/StashBloxContracts/contracts/lib/Proxyable.sol","s":{"1":14,"2":6,"3":2,"4":12,"5":14},"b":{"1":[6,8],"2":[2,4]},"f":{"1":14,"2":14},"fnMap":{"1":{"name":"_isWhitelistedOperator","line":19,"loc":{"start":{"line":19,"column":4},"end":{"line":26,"column":4}}},"2":{"name":"_isApprovedForAll","line":28,"loc":{"start":{"line":28,"column":4},"end":{"line":30,"column":4}}}},"statementMap":{"1":{"start":{"line":20,"column":8},"end":{"line":20,"column":527}},"2":{"start":{"line":21,"column":12},"end":{"line":21,"column":593}},"3":{"start":{"line":22,"column":16},"end":{"line":22,"column":27}},"4":{"start":{"line":25,"column":8},"end":{"line":25,"column":20}},"5":{"start":{"line":29,"column":8},"end":{"line":29,"column":97}}},"branchMap":{"1":{"line":20,"type":"if","locations":[{"start":{"line":20,"column":8},"end":{"line":20,"column":8}},{"start":{"line":20,"column":8},"end":{"line":20,"column":8}}]},"2":{"line":21,"type":"if","locations":[{"start":{"line":21,"column":12},"end":{"line":21,"column":12}},{"start":{"line":21,"column":12},"end":{"line":21,"column":12}}]}}},"contracts/lib/Withdrawable.sol":{"l":{"25":4,"26":2,"27":2,"35":2,"42":2,"52":0,"53":0,"54":0,"65":0,"66":0,"67":0,"69":0,"73":0,"80":0},"path":"/home/ouziel/Work/StashBloxContracts/contracts/lib/Withdrawable.sol","s":{"1":4,"2":2,"3":2,"4":2,"5":0,"6":0,"7":0,"8":0,"9":0,"10":0,"11":0,"12":0,"13":0},"b":{"1":[2,0]},"f":{"1":4,"2":2,"3":0,"4":0,"5":0},"fnMap":{"1":{"name":"withdraw","line":24,"loc":{"start":{"line":24,"column":4},"end":{"line":28,"column":4}}},"2":{"name":"deposit","line":34,"loc":{"start":{"line":34,"column":4},"end":{"line":36,"column":4}}},"3":{"name":"onERC1155Received","line":45,"loc":{"start":{"line":45,"column":4},"end":{"line":55,"column":4}}},"4":{"name":"onERC1155BatchReceived","line":58,"loc":{"start":{"line":58,"column":4},"end":{"line":70,"column":4}}},"5":{"name":"withdrawERC1155","line":72,"loc":{"start":{"line":72,"column":4},"end":{"line":81,"column":4}}}},"statementMap":{"1":{"start":{"line":25,"column":8},"end":{"line":25,"column":104}},"2":{"start":{"line":26,"column":8},"end":{"line":26,"column":58}},"3":{"start":{"line":27,"column":8},"end":{"line":27,"column":44}},"4":{"start":{"line":35,"column":8},"end":{"line":35,"column":83}},"5":{"start":{"line":52,"column":8},"end":{"line":52,"column":45}},"6":{"start":{"line":53,"column":8},"end":{"line":53,"column":107}},"7":{"start":{"line":54,"column":8},"end":{"line":54,"column":42}},"8":{"start":{"line":65,"column":8},"end":{"line":65,"column":45}},"9":{"start":{"line":66,"column":8},"end":{"line":66,"column":2454}},"10":{"start":{"line":67,"column":10},"end":{"line":67,"column":121}},"11":{"start":{"line":69,"column":8},"end":{"line":69,"column":41}},"12":{"start":{"line":73,"column":8},"end":{"line":73,"column":2803}},"13":{"start":{"line":80,"column":8},"end":{"line":80,"column":148}}},"branchMap":{"1":{"line":27,"type":"if","locations":[{"start":{"line":27,"column":8},"end":{"line":27,"column":8}},{"start":{"line":27,"column":8},"end":{"line":27,"column":8}}]}}},"contracts/mocks/DummyMock.sol":{"l":{},"path":"/home/ouziel/Work/StashBloxContracts/contracts/mocks/DummyMock.sol","s":{},"b":{},"f":{},"fnMap":{},"statementMap":{},"branchMap":{}},"contracts/mocks/ERC1155ReceiverMock.sol":{"l":{"21":4,"22":4,"23":4,"24":4,"38":3,"39":1,"40":1,"54":3,"55":1,"56":1},"path":"/home/ouziel/Work/StashBloxContracts/contracts/mocks/ERC1155ReceiverMock.sol","s":{"1":4,"2":4,"3":4,"4":4,"5":3,"6":1,"7":1,"8":3,"9":1,"10":1},"b":{"1":[1,2],"2":[1,2]},"f":{"1":4,"2":3,"3":3},"fnMap":{"1":{"name":"constructor","line":15,"loc":{"start":{"line":15,"column":4},"end":{"line":25,"column":4}}},"2":{"name":"onERC1155Received","line":27,"loc":{"start":{"line":27,"column":4},"end":{"line":41,"column":4}}},"3":{"name":"onERC1155BatchReceived","line":43,"loc":{"start":{"line":43,"column":4},"end":{"line":57,"column":4}}}},"statementMap":{"1":{"start":{"line":21,"column":8},"end":{"line":21,"column":29}},"2":{"start":{"line":22,"column":8},"end":{"line":22,"column":31}},"3":{"start":{"line":23,"column":8},"end":{"line":23,"column":29}},"4":{"start":{"line":24,"column":8},"end":{"line":24,"column":31}},"5":{"start":{"line":38,"column":8},"end":{"line":38,"column":52}},"6":{"start":{"line":39,"column":8},"end":{"line":39,"column":65}},"7":{"start":{"line":40,"column":8},"end":{"line":40,"column":25}},"8":{"start":{"line":54,"column":8},"end":{"line":54,"column":58}},"9":{"start":{"line":55,"column":8},"end":{"line":55,"column":72}},"10":{"start":{"line":56,"column":8},"end":{"line":56,"column":25}}},"branchMap":{"1":{"line":38,"type":"if","locations":[{"start":{"line":38,"column":8},"end":{"line":38,"column":8}},{"start":{"line":38,"column":8},"end":{"line":38,"column":8}}]},"2":{"line":54,"type":"if","locations":[{"start":{"line":54,"column":8},"end":{"line":54,"column":8}},{"start":{"line":54,"column":8},"end":{"line":54,"column":8}}]}}},"contracts/mocks/GSNCapableMock.sol":{"l":{"9":2,"13":5,"17":5},"path":"/home/ouziel/Work/StashBloxContracts/contracts/mocks/GSNCapableMock.sol","s":{"1":2,"2":5,"3":5},"b":{},"f":{"1":2,"2":5,"3":5},"fnMap":{"1":{"name":"constructor","line":8,"loc":{"start":{"line":8,"column":4},"end":{"line":10,"column":4}}},"2":{"name":"publicMsgSender","line":12,"loc":{"start":{"line":12,"column":4},"end":{"line":14,"column":4}}},"3":{"name":"publicMsgData","line":16,"loc":{"start":{"line":16,"column":4},"end":{"line":18,"column":4}}}},"statementMap":{"1":{"start":{"line":9,"column":8},"end":{"line":9,"column":53}},"2":{"start":{"line":13,"column":8},"end":{"line":13,"column":27}},"3":{"start":{"line":17,"column":8},"end":{"line":17,"column":25}}},"branchMap":{}},"contracts/mocks/OwnableDelegateProxyMock.sol":{"l":{"11":4,"21":3,"32":3},"path":"/home/ouziel/Work/StashBloxContracts/contracts/mocks/OwnableDelegateProxyMock.sol","s":{"1":4,"2":3,"3":3},"b":{},"f":{"1":4,"2":3,"3":3},"fnMap":{"1":{"name":"constructor","line":10,"loc":{"start":{"line":10,"column":4},"end":{"line":12,"column":4}}},"2":{"name":"safeTransferFrom","line":14,"loc":{"start":{"line":14,"column":4},"end":{"line":22,"column":4}}},"3":{"name":"safeBatchTransferFrom","line":24,"loc":{"start":{"line":24,"column":4},"end":{"line":33,"column":4}}}},"statementMap":{"1":{"start":{"line":11,"column":8},"end":{"line":11,"column":39}},"2":{"start":{"line":21,"column":8},"end":{"line":21,"column":94}},"3":{"start":{"line":32,"column":8},"end":{"line":32,"column":101}}},"branchMap":{}},"contracts/mocks/ProxyRegistryMock.sol":{"l":{"11":4},"path":"/home/ouziel/Work/StashBloxContracts/contracts/mocks/ProxyRegistryMock.sol","s":{"1":4},"b":{},"f":{"1":4},"fnMap":{"1":{"name":"constructor","line":10,"loc":{"start":{"line":10,"column":4},"end":{"line":12,"column":4}}}},"statementMap":{"1":{"start":{"line":11,"column":8},"end":{"line":11,"column":72}}},"branchMap":{}},"contracts/StashBlox.sol":{"l":{"14":85,"15":85,"16":85,"17":85},"path":"/home/ouziel/Work/StashBloxContracts/contracts/StashBlox.sol","s":{"1":85,"2":85,"3":85,"4":85},"b":{},"f":{"1":85},"fnMap":{"1":{"name":"constructor","line":13,"loc":{"start":{"line":13,"column":4},"end":{"line":18,"column":4}}}},"statementMap":{"1":{"start":{"line":14,"column":8},"end":{"line":14,"column":50}},"2":{"start":{"line":15,"column":8},"end":{"line":15,"column":55}},"3":{"start":{"line":16,"column":8},"end":{"line":16,"column":59}},"4":{"start":{"line":17,"column":8},"end":{"line":17,"column":37}}},"branchMap":{}},"contracts/utils/Address.sol":{"l":{"28":97,"29":97,"31":97,"32":97,"43":0},"path":"/home/ouziel/Work/StashBloxContracts/contracts/utils/Address.sol","s":{"1":97,"2":97,"3":97,"4":0},"b":{},"f":{"1":97,"2":0},"fnMap":{"1":{"name":"isContract","line":20,"loc":{"start":{"line":20,"column":4},"end":{"line":33,"column":4}}},"2":{"name":"toPayable","line":42,"loc":{"start":{"line":42,"column":4},"end":{"line":44,"column":4}}}},"statementMap":{"1":{"start":{"line":28,"column":8},"end":{"line":28,"column":24}},"2":{"start":{"line":29,"column":8},"end":{"line":29,"column":96}},"3":{"start":{"line":32,"column":8},"end":{"line":32,"column":59}},"4":{"start":{"line":43,"column":8},"end":{"line":43,"column":40}}},"branchMap":{}},"contracts/utils/SafeMath.sol":{"l":{"29":901,"30":901,"32":901,"45":268,"61":500,"62":494,"64":494,"80":727,"81":1,"84":726,"85":726,"87":726,"102":691,"121":691,"122":691,"125":691,"140":0,"158":0,"159":0},"path":"/home/ouziel/Work/StashBloxContracts/contracts/utils/SafeMath.sol","s":{"1":901,"2":901,"3":901,"4":268,"5":500,"6":494,"7":494,"8":727,"9":1,"10":726,"11":726,"12":726,"13":691,"14":691,"15":691,"16":691,"17":0,"18":0,"19":0},"b":{"1":[901,0],"2":[494,6],"3":[1,726],"4":[726,0],"5":[691,0],"6":[0,0]},"f":{"1":901,"2":268,"3":500,"4":727,"5":691,"6":691,"7":0,"8":0},"fnMap":{"1":{"name":"add","line":28,"loc":{"start":{"line":28,"column":4},"end":{"line":33,"column":4}}},"2":{"name":"sub","line":44,"loc":{"start":{"line":44,"column":4},"end":{"line":46,"column":4}}},"3":{"name":"sub","line":60,"loc":{"start":{"line":60,"column":4},"end":{"line":65,"column":4}}},"4":{"name":"mul","line":76,"loc":{"start":{"line":76,"column":4},"end":{"line":88,"column":4}}},"5":{"name":"div","line":101,"loc":{"start":{"line":101,"column":4},"end":{"line":103,"column":4}}},"6":{"name":"div","line":119,"loc":{"start":{"line":119,"column":4},"end":{"line":126,"column":4}}},"7":{"name":"mod","line":139,"loc":{"start":{"line":139,"column":4},"end":{"line":141,"column":4}}},"8":{"name":"mod","line":157,"loc":{"start":{"line":157,"column":4},"end":{"line":160,"column":4}}}},"statementMap":{"1":{"start":{"line":29,"column":8},"end":{"line":29,"column":25}},"2":{"start":{"line":30,"column":8},"end":{"line":30,"column":53}},"3":{"start":{"line":32,"column":8},"end":{"line":32,"column":16}},"4":{"start":{"line":45,"column":8},"end":{"line":45,"column":58}},"5":{"start":{"line":61,"column":8},"end":{"line":61,"column":36}},"6":{"start":{"line":62,"column":8},"end":{"line":62,"column":25}},"7":{"start":{"line":64,"column":8},"end":{"line":64,"column":16}},"8":{"start":{"line":80,"column":8},"end":{"line":80,"column":2608}},"9":{"start":{"line":81,"column":12},"end":{"line":81,"column":20}},"10":{"start":{"line":84,"column":8},"end":{"line":84,"column":25}},"11":{"start":{"line":85,"column":8},"end":{"line":85,"column":53}},"12":{"start":{"line":87,"column":8},"end":{"line":87,"column":16}},"13":{"start":{"line":102,"column":8},"end":{"line":102,"column":54}},"14":{"start":{"line":121,"column":8},"end":{"line":121,"column":35}},"15":{"start":{"line":122,"column":8},"end":{"line":122,"column":25}},"16":{"start":{"line":125,"column":8},"end":{"line":125,"column":16}},"17":{"start":{"line":140,"column":8},"end":{"line":140,"column":52}},"18":{"start":{"line":158,"column":8},"end":{"line":158,"column":36}},"19":{"start":{"line":159,"column":8},"end":{"line":159,"column":20}}},"branchMap":{"1":{"line":30,"type":"if","locations":[{"start":{"line":30,"column":8},"end":{"line":30,"column":8}},{"start":{"line":30,"column":8},"end":{"line":30,"column":8}}]},"2":{"line":61,"type":"if","locations":[{"start":{"line":61,"column":8},"end":{"line":61,"column":8}},{"start":{"line":61,"column":8},"end":{"line":61,"column":8}}]},"3":{"line":80,"type":"if","locations":[{"start":{"line":80,"column":8},"end":{"line":80,"column":8}},{"start":{"line":80,"column":8},"end":{"line":80,"column":8}}]},"4":{"line":85,"type":"if","locations":[{"start":{"line":85,"column":8},"end":{"line":85,"column":8}},{"start":{"line":85,"column":8},"end":{"line":85,"column":8}}]},"5":{"line":121,"type":"if","locations":[{"start":{"line":121,"column":8},"end":{"line":121,"column":8}},{"start":{"line":121,"column":8},"end":{"line":121,"column":8}}]},"6":{"line":158,"type":"if","locations":[{"start":{"line":158,"column":8},"end":{"line":158,"column":8}},{"start":{"line":158,"column":8},"end":{"line":158,"column":8}}]}}},"contracts/utils/StringUtils.sol":{"l":{"8":183,"9":183,"10":183,"11":183,"12":183,"13":183,"14":183,"15":5124,"17":183,"18":7318,"20":183,"24":7318,"25":3544,"27":3774,"29":0,"34":183,"35":183,"36":183,"37":7318,"38":7318,"40":183,"41":183,"42":7318,"43":7318,"44":7318,"46":183,"50":0,"51":0,"53":0,"54":0,"55":0,"56":0,"57":0,"58":0,"60":0,"62":0},"path":"/home/ouziel/Work/StashBloxContracts/contracts/utils/StringUtils.sol","s":{"1":183,"2":183,"3":183,"4":183,"5":183,"6":183,"7":183,"8":5124,"9":183,"10":7318,"11":183,"12":7318,"13":3544,"14":3774,"15":3774,"16":0,"17":183,"18":183,"19":183,"20":7318,"21":183,"22":183,"23":7318,"24":7318,"25":7318,"26":183,"27":0,"28":0,"29":0,"30":0,"31":0,"32":0,"33":0,"34":0,"35":0,"36":0},"b":{"1":[3544,3774],"2":[3774,0],"3":[0,0],"4":[0,0]},"f":{"1":183,"2":7318,"3":183,"4":0},"fnMap":{"1":{"name":"_strConcat","line":7,"loc":{"start":{"line":7,"column":4},"end":{"line":21,"column":4}}},"2":{"name":"_toHexDigit","line":23,"loc":{"start":{"line":23,"column":4},"end":{"line":31,"column":4}}},"3":{"name":"_toHexString","line":33,"loc":{"start":{"line":33,"column":4},"end":{"line":47,"column":4}}},"4":{"name":"_strContains","line":49,"loc":{"start":{"line":49,"column":4},"end":{"line":63,"column":4}}}},"statementMap":{"1":{"start":{"line":8,"column":8},"end":{"line":8,"column":35}},"2":{"start":{"line":9,"column":8},"end":{"line":9,"column":35}},"3":{"start":{"line":10,"column":8},"end":{"line":10,"column":62}},"4":{"start":{"line":11,"column":8},"end":{"line":11,"column":37}},"5":{"start":{"line":12,"column":8},"end":{"line":12,"column":18}},"6":{"start":{"line":13,"column":8},"end":{"line":13,"column":18}},"7":{"start":{"line":14,"column":8},"end":{"line":14,"column":414}},"8":{"start":{"line":15,"column":12},"end":{"line":15,"column":29}},"9":{"start":{"line":17,"column":8},"end":{"line":17,"column":499}},"10":{"start":{"line":18,"column":12},"end":{"line":18,"column":29}},"11":{"start":{"line":20,"column":8},"end":{"line":20,"column":27}},"12":{"start":{"line":24,"column":8},"end":{"line":24,"column":685}},"13":{"start":{"line":25,"column":12},"end":{"line":25,"column":45}},"14":{"start":{"line":26,"column":15},"end":{"line":26,"column":771}},"15":{"start":{"line":27,"column":12},"end":{"line":27,"column":50}},"16":{"start":{"line":29,"column":8},"end":{"line":29,"column":34}},"17":{"start":{"line":34,"column":8},"end":{"line":34,"column":22}},"18":{"start":{"line":35,"column":8},"end":{"line":35,"column":18}},"19":{"start":{"line":36,"column":8},"end":{"line":36,"column":1063}},"20":{"start":{"line":38,"column":12},"end":{"line":38,"column":18}},"21":{"start":{"line":40,"column":8},"end":{"line":40,"column":43}},"22":{"start":{"line":41,"column":8},"end":{"line":41,"column":1185}},"23":{"start":{"line":42,"column":12},"end":{"line":42,"column":21}},"24":{"start":{"line":43,"column":12},"end":{"line":43,"column":53}},"25":{"start":{"line":44,"column":12},"end":{"line":44,"column":18}},"26":{"start":{"line":46,"column":8},"end":{"line":46,"column":26}},"27":{"start":{"line":50,"column":8},"end":{"line":50,"column":45}},"28":{"start":{"line":51,"column":8},"end":{"line":51,"column":47}},"29":{"start":{"line":53,"column":8},"end":{"line":53,"column":1565}},"30":{"start":{"line":54,"column":12},"end":{"line":54,"column":28}},"31":{"start":{"line":55,"column":12},"end":{"line":55,"column":1681}},"32":{"start":{"line":56,"column":16},"end":{"line":56,"column":1741}},"33":{"start":{"line":57,"column":20},"end":{"line":57,"column":31}},"34":{"start":{"line":60,"column":12},"end":{"line":60,"column":33}},"35":{"start":{"line":60,"column":22},"end":{"line":60,"column":33}},"36":{"start":{"line":62,"column":8},"end":{"line":62,"column":20}}},"branchMap":{"1":{"line":24,"type":"if","locations":[{"start":{"line":24,"column":8},"end":{"line":24,"column":8}},{"start":{"line":24,"column":8},"end":{"line":24,"column":8}}]},"2":{"line":26,"type":"if","locations":[{"start":{"line":26,"column":15},"end":{"line":26,"column":15}},{"start":{"line":26,"column":15},"end":{"line":26,"column":15}}]},"3":{"line":56,"type":"if","locations":[{"start":{"line":56,"column":16},"end":{"line":56,"column":16}},{"start":{"line":56,"column":16},"end":{"line":56,"column":16}}]},"4":{"line":60,"type":"if","locations":[{"start":{"line":60,"column":12},"end":{"line":60,"column":12}},{"start":{"line":60,"column":12},"end":{"line":60,"column":12}}]}}}}