TN:
SF:/home/ouziel/Work/StashBloxContracts/contracts/interfaces/IERC1155.sol
FNF:0
FNH:0
LF:0
LH:0
BRF:0
BRH:0
end_of_record
TN:
SF:/home/ouziel/Work/StashBloxContracts/contracts/interfaces/IERC1155Metadata.sol
FNF:0
FNH:0
LF:0
LH:0
BRF:0
BRH:0
end_of_record
TN:
SF:/home/ouziel/Work/StashBloxContracts/contracts/interfaces/IERC1155Receiver.sol
FNF:0
FNH:0
LF:0
LH:0
BRF:0
BRH:0
end_of_record
TN:
SF:/home/ouziel/Work/StashBloxContracts/contracts/interfaces/IERC165.sol
FNF:0
FNH:0
LF:0
LH:0
BRF:0
BRH:0
end_of_record
TN:
SF:/home/ouziel/Work/StashBloxContracts/contracts/interfaces/IERC173.sol
FNF:0
FNH:0
LF:0
LH:0
BRF:0
BRH:0
end_of_record
TN:
SF:/home/ouziel/Work/StashBloxContracts/contracts/interfaces/IRelayRecipient.sol
FNF:0
FNH:0
LF:0
LH:0
BRF:0
BRH:0
end_of_record
TN:
SF:/home/ouziel/Work/StashBloxContracts/contracts/lib/Callable.sol
FN:32,proposeCallback
FN:59,refuseCallback
FN:79,approveCallback
FN:96,acceptCallback
FN:124,executeCallback
FN:144,_needLegalApproval
FN:152,_executeCallback
FN:193,_callbackPrice
FN:206,_isLegalAuthority
FNF:9
FNH:9
FNDA:10,proposeCallback
FNDA:1,refuseCallback
FNDA:3,approveCallback
FNDA:3,acceptCallback
FNDA:2,executeCallback
FNDA:8,_needLegalApproval
FNDA:3,_executeCallback
FNDA:13,_callbackPrice
FNDA:3,_isLegalAuthority
DA:33,10
DA:37,8
DA:50,8
DA:52,8
DA:60,1
DA:62,1
DA:69,1
DA:70,1
DA:72,1
DA:80,3
DA:82,3
DA:87,1
DA:89,1
DA:97,3
DA:99,3
DA:107,3
DA:109,3
DA:110,0
DA:112,1
DA:114,2
DA:115,2
DA:125,2
DA:127,2
DA:131,2
DA:133,2
DA:134,1
DA:145,8
DA:147,8
DA:153,3
DA:155,3
DA:159,3
DA:160,3
DA:162,3
DA:163,3
DA:165,3
DA:166,19
DA:167,17
DA:168,17
DA:170,16
DA:172,16
DA:174,16
DA:176,16
DA:177,16
DA:179,16
DA:182,3
DA:184,3
DA:186,3
DA:187,3
DA:188,2
DA:189,2
DA:194,13
DA:196,13
DA:199,0
DA:200,0
DA:201,0
DA:203,0
DA:207,3
LF:57
LH:52
BRDA:33,1,0,8
BRDA:33,1,1,2
BRDA:62,2,0,1
BRDA:62,2,1,0
BRDA:82,3,0,1
BRDA:82,3,1,2
BRDA:99,4,0,3
BRDA:99,4,1,0
BRDA:109,5,0,0
BRDA:109,5,1,3
BRDA:111,6,0,1
BRDA:111,6,1,2
BRDA:127,7,0,2
BRDA:127,7,1,0
BRDA:133,8,0,1
BRDA:133,8,1,1
BRDA:166,9,0,2
BRDA:166,9,1,17
BRDA:168,10,0,1
BRDA:168,10,1,16
BRDA:187,11,0,2
BRDA:187,11,1,1
BRDA:194,12,0,13
BRDA:194,12,1,0
BRF:24
BRH:19
end_of_record
TN:
SF:/home/ouziel/Work/StashBloxContracts/contracts/lib/ChargeableTransfer.sol
FN:24,transactionFees
FN:34,averageAge
FN:44,_registerNewHolder
FN:52,_updateBirthday
FN:66,_addToBalance
FN:73,_storageCost
FN:104,_transactionFees
FN:113,_payFees
FN:131,_moveTokens
FN:145,_moveTokensBatch
FNF:10
FNH:10
FNDA:110,transactionFees
FNDA:13,averageAge
FNDA:296,_registerNewHolder
FNDA:296,_updateBirthday
FNDA:296,_addToBalance
FNDA:222,_storageCost
FNDA:222,_transactionFees
FNDA:112,_payFees
FNDA:116,_moveTokens
FNDA:11,_moveTokensBatch
DA:25,110
DA:35,13
DA:45,296
DA:46,286
DA:47,286
DA:48,286
DA:53,296
DA:54,296
DA:56,286
DA:59,10
DA:67,296
DA:68,296
DA:69,296
DA:70,296
DA:74,222
DA:75,222
DA:77,222
DA:79,222
DA:81,229
DA:82,229
DA:83,229
DA:85,229
DA:86,222
DA:87,222
DA:88,222
DA:89,222
DA:91,7
DA:92,7
DA:93,7
DA:94,7
DA:98,222
DA:100,222
DA:106,222
DA:108,222
DA:110,222
DA:115,112
DA:117,0
DA:120,0
DA:123,112
DA:125,108
DA:133,116
DA:135,116
DA:137,112
DA:139,112
DA:141,108
DA:146,11
DA:147,22
LF:47
LH:45
BRDA:45,1,0,286
BRDA:45,1,1,10
BRDA:54,2,0,286
BRDA:54,2,1,10
BRDA:85,3,0,222
BRDA:85,3,1,7
BRDA:87,4,0,197
BRDA:87,4,1,25
BRDA:92,5,0,6
BRDA:92,5,1,1
BRDA:115,6,0,0
BRDA:115,6,1,112
BRF:12
BRH:11
end_of_record
TN:
SF:/home/ouziel/Work/StashBloxContracts/contracts/lib/Configurable.sol
FN:36,updateConfig
FNF:1
FNH:1
FNDA:10,updateConfig
DA:37,10
DA:38,10
DA:39,10
DA:40,10
DA:41,10
DA:42,10
DA:44,10
LF:7
LH:7
BRDA:40,1,0,1
BRDA:40,1,1,9
BRF:2
BRH:2
end_of_record
TN:
SF:/home/ouziel/Work/StashBloxContracts/contracts/lib/Data.sol
FNF:0
FNH:0
LF:0
LH:0
BRF:0
BRH:0
end_of_record
TN:
SF:/home/ouziel/Work/StashBloxContracts/contracts/lib/GSNCapable.sol
FN:14,isTrustedForwarder
FN:24,_msgSender
FN:45,_msgData
FN:64,versionRecipient
FNF:4
FNH:3
FNDA:768,isTrustedForwarder
FNDA:857,_msgSender
FNDA:5,_msgData
FNDA:0,versionRecipient
DA:15,768
DA:25,857
DA:29,1
DA:33,856
DA:46,5
DA:49,1
DA:60,4
DA:66,0
LF:8
LH:7
BRDA:25,1,0,1
BRDA:25,1,1,856
BRDA:46,2,0,1
BRDA:46,2,1,4
BRF:4
BRH:4
end_of_record
TN:
SF:/home/ouziel/Work/StashBloxContracts/contracts/lib/Lockable.sol
FN:24,setTokenLock
FN:32,isLockedToken
FN:40,setAccountLock
FN:49,isLockedAccount
FN:59,_setTokenLock
FN:64,_isLockedToken
FN:68,_isLockedAccount
FN:72,_isLockedMove
FN:77,_moveTokens
FNF:9
FNH:9
FNDA:4,setTokenLock
FNDA:4,isLockedToken
FNDA:4,setAccountLock
FNDA:4,isLockedAccount
FNDA:7,_setTokenLock
FNDA:124,_isLockedToken
FNDA:240,_isLockedAccount
FNDA:120,_isLockedMove
FNDA:120,_moveTokens
DA:25,4
DA:33,4
DA:41,4
DA:42,4
DA:50,4
DA:60,7
DA:61,7
DA:65,124
DA:69,240
DA:73,120
DA:78,120
DA:79,116
LF:12
LH:12
BRDA:78,1,0,116
BRDA:78,1,1,4
BRF:2
BRH:2
end_of_record
TN:
SF:/home/ouziel/Work/StashBloxContracts/contracts/lib/Maintenable.sol
FN:22,onlyMaintener
FN:37,setMaintenerAuthorization
FN:48,isMaintener
FN:72,updateToken
FN:86,_isMaintener
FNF:5
FNH:5
FNDA:19,onlyMaintener
FNDA:4,setMaintenerAuthorization
FNDA:4,isMaintener
FNDA:7,updateToken
FNDA:27,_isMaintener
DA:23,19
DA:24,17
DA:38,4
DA:49,4
DA:73,7
DA:75,7
DA:77,7
DA:87,27
LF:8
LH:8
BRDA:23,1,0,17
BRDA:23,1,1,2
BRDA:73,2,0,7
BRDA:73,2,1,0
BRF:4
BRH:3
end_of_record
TN:
SF:/home/ouziel/Work/StashBloxContracts/contracts/lib/Mintable.sol
FN:17,onlyTokenizer
FN:32,setTokenizerAuthorization
FN:40,isTokenizer
FN:70,createToken
FN:87,cloneToken
FN:108,_isTokenizer
FN:125,_setToken
FN:146,_createToken
FN:162,_cloneToken
FNF:9
FNH:9
FNDA:176,onlyTokenizer
FNDA:7,setTokenizerAuthorization
FNDA:4,isTokenizer
FNDA:171,createToken
FNDA:1,cloneToken
FNDA:180,_isTokenizer
FNDA:188,_setToken
FNDA:181,_createToken
FNDA:10,_cloneToken
DA:18,176
DA:19,172
DA:33,7
DA:41,4
DA:71,171
DA:75,171
DA:88,1
DA:91,1
DA:92,10
DA:94,10
DA:109,180
DA:126,188
DA:130,188
DA:131,188
DA:132,188
DA:133,188
DA:134,188
DA:135,188
DA:136,188
DA:137,188
DA:138,188
DA:139,188
DA:140,188
DA:141,188
DA:142,188
DA:151,181
DA:153,181
DA:154,181
DA:155,181
DA:157,181
DA:159,181
DA:163,10
LF:32
LH:32
BRDA:18,1,0,172
BRDA:18,1,1,4
BRDA:88,2,0,1
BRDA:88,2,1,0
BRDA:126,3,0,188
BRDA:126,3,1,0
BRDA:130,4,0,182
BRDA:130,4,1,6
BRDA:151,5,0,181
BRDA:151,5,1,0
BRF:10
BRH:7
end_of_record
TN:
SF:/home/ouziel/Work/StashBloxContracts/contracts/lib/MultiToken.sol
FN:38,supportsInterface
FN:55,balanceOf
FN:69,balanceOfBatch
FN:100,setApprovalForAll
FN:113,isApprovedForAll
FN:127,safeTransferFrom
FN:164,safeBatchTransferFrom
FN:195,uri
FN:205,_doSafeTransferAcceptanceCheck
FN:224,_doSafeBatchTransferAcceptanceCheck
FNF:10
FNH:10
FNDA:3,supportsInterface
FNDA:482,balanceOf
FNDA:3,balanceOfBatch
FNDA:8,setApprovalForAll
FNDA:14,isApprovedForAll
FNDA:104,safeTransferFrom
FNDA:19,safeBatchTransferFrom
FNDA:183,uri
FNDA:88,_doSafeTransferAcceptanceCheck
FNDA:9,_doSafeBatchTransferAcceptanceCheck
DA:39,3
DA:41,2
DA:43,1
DA:56,482
DA:57,481
DA:77,3
DA:79,2
DA:81,2
DA:82,4
DA:83,3
DA:86,1
DA:101,8
DA:102,8
DA:103,6
DA:104,6
DA:114,14
DA:136,104
DA:138,104
DA:139,102
DA:144,98
DA:146,98
DA:148,88
DA:150,88
DA:173,19
DA:175,19
DA:176,17
DA:177,15
DA:182,11
DA:184,11
DA:186,9
DA:188,9
DA:196,183
DA:215,88
DA:216,5
DA:234,9
DA:235,5
LF:36
LH:36
BRDA:39,1,0,2
BRDA:39,1,1,1
BRDA:56,2,0,481
BRDA:56,2,1,1
BRDA:77,3,0,2
BRDA:77,3,1,1
BRDA:82,4,0,3
BRDA:82,4,1,1
BRDA:102,5,0,6
BRDA:102,5,1,2
BRDA:138,6,0,102
BRDA:138,6,1,2
BRDA:139,7,0,98
BRDA:139,7,1,4
BRDA:175,8,0,17
BRDA:175,8,1,2
BRDA:176,9,0,15
BRDA:176,9,1,2
BRDA:177,10,0,11
BRDA:177,10,1,4
BRDA:215,11,0,5
BRDA:215,11,1,83
BRDA:216,12,0,1
BRDA:216,12,1,4
BRDA:234,13,0,5
BRDA:234,13,1,4
BRDA:235,14,0,1
BRDA:235,14,1,4
BRF:28
BRH:28
end_of_record
TN:
SF:/home/ouziel/Work/StashBloxContracts/contracts/lib/Ownable.sol
FN:20,constructor
FN:33,onlyOwner
FN:47,owner
FN:56,transferOwnership
FN:69,_transferOwnership
FN:78,_isOwner
FNF:6
FNH:6
FNDA:85,constructor
FNDA:26,onlyOwner
FNDA:15,owner
FNDA:1,transferOwnership
FNDA:172,_transferOwnership
FNDA:26,_isOwner
DA:21,85
DA:34,26
DA:35,26
DA:48,15
DA:57,1
DA:70,172
DA:71,172
DA:72,172
DA:79,26
LF:9
LH:9
BRDA:34,1,0,26
BRDA:34,1,1,0
BRDA:70,2,0,172
BRDA:70,2,1,0
BRF:4
BRH:2
end_of_record
TN:
SF:/home/ouziel/Work/StashBloxContracts/contracts/lib/Privatizable.sol
FN:19,setAccountApproval
FN:28,isApprovedAccount
FN:38,_addToBalance
FNF:3
FNH:3
FNDA:6,setAccountApproval
FNDA:4,isApprovedAccount
FNDA:300,_addToBalance
DA:20,6
DA:29,4
DA:39,300
DA:40,296
LF:4
LH:4
BRDA:39,1,0,296
BRDA:39,1,1,4
BRF:2
BRH:2
end_of_record
TN:
SF:/home/ouziel/Work/StashBloxContracts/contracts/lib/Proxyable.sol
FN:19,_isWhitelistedOperator
FN:28,_isApprovedForAll
FNF:2
FNH:2
FNDA:14,_isWhitelistedOperator
FNDA:14,_isApprovedForAll
DA:20,14
DA:21,6
DA:22,2
DA:25,12
DA:29,14
LF:5
LH:5
BRDA:20,1,0,6
BRDA:20,1,1,8
BRDA:21,2,0,2
BRDA:21,2,1,4
BRF:4
BRH:4
end_of_record
TN:
SF:/home/ouziel/Work/StashBloxContracts/contracts/lib/Withdrawable.sol
FN:24,withdraw
FN:34,deposit
FN:45,onERC1155Received
FN:58,onERC1155BatchReceived
FN:72,withdrawERC1155
FNF:5
FNH:2
FNDA:4,withdraw
FNDA:2,deposit
FNDA:0,onERC1155Received
FNDA:0,onERC1155BatchReceived
FNDA:0,withdrawERC1155
DA:25,4
DA:26,2
DA:27,2
DA:35,2
DA:42,2
DA:52,0
DA:53,0
DA:54,0
DA:65,0
DA:66,0
DA:67,0
DA:69,0
DA:73,0
DA:80,0
LF:14
LH:5
BRDA:27,1,0,2
BRDA:27,1,1,0
BRF:2
BRH:1
end_of_record
TN:
SF:/home/ouziel/Work/StashBloxContracts/contracts/mocks/DummyMock.sol
FNF:0
FNH:0
LF:0
LH:0
BRF:0
BRH:0
end_of_record
TN:
SF:/home/ouziel/Work/StashBloxContracts/contracts/mocks/ERC1155ReceiverMock.sol
FN:15,constructor
FN:27,onERC1155Received
FN:43,onERC1155BatchReceived
FNF:3
FNH:3
FNDA:4,constructor
FNDA:3,onERC1155Received
FNDA:3,onERC1155BatchReceived
DA:21,4
DA:22,4
DA:23,4
DA:24,4
DA:38,3
DA:39,1
DA:40,1
DA:54,3
DA:55,1
DA:56,1
LF:10
LH:10
BRDA:38,1,0,1
BRDA:38,1,1,2
BRDA:54,2,0,1
BRDA:54,2,1,2
BRF:4
BRH:4
end_of_record
TN:
SF:/home/ouziel/Work/StashBloxContracts/contracts/mocks/GSNCapableMock.sol
FN:8,constructor
FN:12,publicMsgSender
FN:16,publicMsgData
FNF:3
FNH:3
FNDA:2,constructor
FNDA:5,publicMsgSender
FNDA:5,publicMsgData
DA:9,2
DA:13,5
DA:17,5
LF:3
LH:3
BRF:0
BRH:0
end_of_record
TN:
SF:/home/ouziel/Work/StashBloxContracts/contracts/mocks/OwnableDelegateProxyMock.sol
FN:10,constructor
FN:14,safeTransferFrom
FN:24,safeBatchTransferFrom
FNF:3
FNH:3
FNDA:4,constructor
FNDA:3,safeTransferFrom
FNDA:3,safeBatchTransferFrom
DA:11,4
DA:21,3
DA:32,3
LF:3
LH:3
BRF:0
BRH:0
end_of_record
TN:
SF:/home/ouziel/Work/StashBloxContracts/contracts/mocks/ProxyRegistryMock.sol
FN:10,constructor
FNF:1
FNH:1
FNDA:4,constructor
DA:11,4
LF:1
LH:1
BRF:0
BRH:0
end_of_record
TN:
SF:/home/ouziel/Work/StashBloxContracts/contracts/StashBlox.sol
FN:13,constructor
FNF:1
FNH:1
FNDA:85,constructor
DA:14,85
DA:15,85
DA:16,85
DA:17,85
LF:4
LH:4
BRF:0
BRH:0
end_of_record
TN:
SF:/home/ouziel/Work/StashBloxContracts/contracts/utils/Address.sol
FN:20,isContract
FN:42,toPayable
FNF:2
FNH:1
FNDA:97,isContract
FNDA:0,toPayable
DA:28,97
DA:29,97
DA:31,97
DA:32,97
DA:43,0
LF:5
LH:4
BRF:0
BRH:0
end_of_record
TN:
SF:/home/ouziel/Work/StashBloxContracts/contracts/utils/SafeMath.sol
FN:28,add
FN:44,sub
FN:60,sub
FN:76,mul
FN:101,div
FN:119,div
FN:139,mod
FN:157,mod
FNF:8
FNH:6
FNDA:901,add
FNDA:268,sub
FNDA:500,sub
FNDA:727,mul
FNDA:691,div
FNDA:691,div
FNDA:0,mod
FNDA:0,mod
DA:29,901
DA:30,901
DA:32,901
DA:45,268
DA:61,500
DA:62,494
DA:64,494
DA:80,727
DA:81,1
DA:84,726
DA:85,726
DA:87,726
DA:102,691
DA:121,691
DA:122,691
DA:125,691
DA:140,0
DA:158,0
DA:159,0
LF:19
LH:16
BRDA:30,1,0,901
BRDA:30,1,1,0
BRDA:61,2,0,494
BRDA:61,2,1,6
BRDA:80,3,0,1
BRDA:80,3,1,726
BRDA:85,4,0,726
BRDA:85,4,1,0
BRDA:121,5,0,691
BRDA:121,5,1,0
BRDA:158,6,0,0
BRDA:158,6,1,0
BRF:12
BRH:7
end_of_record
TN:
SF:/home/ouziel/Work/StashBloxContracts/contracts/utils/StringUtils.sol
FN:7,_strConcat
FN:23,_toHexDigit
FN:33,_toHexString
FN:49,_strContains
FNF:4
FNH:3
FNDA:183,_strConcat
FNDA:7318,_toHexDigit
FNDA:183,_toHexString
FNDA:0,_strContains
DA:8,183
DA:9,183
DA:10,183
DA:11,183
DA:12,183
DA:13,183
DA:14,183
DA:15,5124
DA:17,183
DA:18,7318
DA:20,183
DA:24,7318
DA:25,3544
DA:27,3774
DA:29,0
DA:34,183
DA:35,183
DA:36,183
DA:37,7318
DA:38,7318
DA:40,183
DA:41,183
DA:42,7318
DA:43,7318
DA:44,7318
DA:46,183
DA:50,0
DA:51,0
DA:53,0
DA:54,0
DA:55,0
DA:56,0
DA:57,0
DA:58,0
DA:60,0
DA:62,0
LF:36
LH:25
BRDA:24,1,0,3544
BRDA:24,1,1,3774
BRDA:26,2,0,3774
BRDA:26,2,1,0
BRDA:56,3,0,0
BRDA:56,3,1,0
BRDA:60,4,0,0
BRDA:60,4,1,0
BRF:8
BRH:3
end_of_record
